[2024-11-26T00:08:30.579+0000] {local_task_job_runner.py:120} INFO - ::group::Pre task execution logs
[2024-11-26T00:08:30.598+0000] {taskinstance.py:2076} INFO - Dependencies all met for dep_context=non-requeueable deps ti=<TaskInstance: nba_games_etl_daily.load_data manual__2024-11-26T00:08:21.355015+00:00 [queued]>
[2024-11-26T00:08:30.603+0000] {taskinstance.py:2076} INFO - Dependencies all met for dep_context=requeueable deps ti=<TaskInstance: nba_games_etl_daily.load_data manual__2024-11-26T00:08:21.355015+00:00 [queued]>
[2024-11-26T00:08:30.604+0000] {taskinstance.py:2306} INFO - Starting attempt 1 of 1
[2024-11-26T00:08:30.612+0000] {taskinstance.py:2330} INFO - Executing <Task(_PythonDecoratedOperator): load_data> on 2024-11-26 00:08:21.355015+00:00
[2024-11-26T00:08:30.617+0000] {standard_task_runner.py:90} INFO - Running: ['***', 'tasks', 'run', 'nba_games_etl_daily', 'load_data', 'manual__2024-11-26T00:08:21.355015+00:00', '--job-id', '24', '--raw', '--subdir', 'DAGS_FOLDER/daily_data_etl.py', '--cfg-path', '/tmp/tmpv939sxwx']
[2024-11-26T00:08:30.619+0000] {standard_task_runner.py:91} INFO - Job 24: Subtask load_data
[2024-11-26T00:08:30.619+0000] {logging_mixin.py:188} WARNING - /home/***/.local/lib/python3.12/site-packages/***/task/task_runner/standard_task_runner.py:61 DeprecationWarning: This process (pid=689) is multi-threaded, use of fork() may lead to deadlocks in the child.
[2024-11-26T00:08:30.620+0000] {standard_task_runner.py:63} INFO - Started process 696 to run task
[2024-11-26T00:08:30.649+0000] {task_command.py:426} INFO - Running <TaskInstance: nba_games_etl_daily.load_data manual__2024-11-26T00:08:21.355015+00:00 [running]> on host 98bc2e09bbb2
[2024-11-26T00:08:30.723+0000] {taskinstance.py:2648} INFO - Exporting env vars: AIRFLOW_CTX_DAG_OWNER='***' AIRFLOW_CTX_DAG_ID='nba_games_etl_daily' AIRFLOW_CTX_TASK_ID='load_data' AIRFLOW_CTX_EXECUTION_DATE='2024-11-26T00:08:21.355015+00:00' AIRFLOW_CTX_TRY_NUMBER='1' AIRFLOW_CTX_DAG_RUN_ID='manual__2024-11-26T00:08:21.355015+00:00'
[2024-11-26T00:08:30.724+0000] {taskinstance.py:430} INFO - ::endgroup::
[2024-11-26T00:08:30.855+0000] {cursor.py:1149} INFO - Number of results in first chunk: 1
[2024-11-26T00:08:31.091+0000] {cursor.py:1149} INFO - Number of results in first chunk: 1
[2024-11-26T00:08:32.827+0000] {cursor.py:1149} INFO - Number of results in first chunk: 1
[2024-11-26T00:08:32.905+0000] {cursor.py:1149} INFO - Number of results in first chunk: 1
[2024-11-26T00:08:32.906+0000] {logging_mixin.py:188} INFO - All new data loaded successfully.
[2024-11-26T00:08:32.906+0000] {python.py:237} INFO - Done. Returned value was: None
[2024-11-26T00:08:32.907+0000] {taskinstance.py:441} INFO - ::group::Post task execution logs
[2024-11-26T00:08:32.913+0000] {taskinstance.py:1206} INFO - Marking task as SUCCESS. dag_id=nba_games_etl_daily, task_id=load_data, run_id=manual__2024-11-26T00:08:21.355015+00:00, execution_date=20241126T000821, start_date=20241126T000830, end_date=20241126T000832
[2024-11-26T00:08:32.958+0000] {local_task_job_runner.py:240} INFO - Task exited with return code 0
[2024-11-26T00:08:32.970+0000] {taskinstance.py:3498} INFO - 0 downstream tasks scheduled from follow-on schedule check
[2024-11-26T00:08:32.972+0000] {local_task_job_runner.py:222} INFO - ::endgroup::
