[2024-11-26T00:14:55.221+0000] {local_task_job_runner.py:120} INFO - ::group::Pre task execution logs
[2024-11-26T00:14:55.240+0000] {taskinstance.py:2076} INFO - Dependencies all met for dep_context=non-requeueable deps ti=<TaskInstance: nba_games_etl_daily.load_data manual__2024-11-26T00:14:51.583983+00:00 [queued]>
[2024-11-26T00:14:55.246+0000] {taskinstance.py:2076} INFO - Dependencies all met for dep_context=requeueable deps ti=<TaskInstance: nba_games_etl_daily.load_data manual__2024-11-26T00:14:51.583983+00:00 [queued]>
[2024-11-26T00:14:55.247+0000] {taskinstance.py:2306} INFO - Starting attempt 1 of 1
[2024-11-26T00:14:55.256+0000] {taskinstance.py:2330} INFO - Executing <Task(_PythonDecoratedOperator): load_data> on 2024-11-26 00:14:51.583983+00:00
[2024-11-26T00:14:55.262+0000] {standard_task_runner.py:90} INFO - Running: ['***', 'tasks', 'run', 'nba_games_etl_daily', 'load_data', 'manual__2024-11-26T00:14:51.583983+00:00', '--job-id', '30', '--raw', '--subdir', 'DAGS_FOLDER/daily_data_etl.py', '--cfg-path', '/tmp/tmps15fnke1']
[2024-11-26T00:14:55.263+0000] {standard_task_runner.py:91} INFO - Job 30: Subtask load_data
[2024-11-26T00:14:55.264+0000] {logging_mixin.py:188} WARNING - /home/***/.local/lib/python3.12/site-packages/***/task/task_runner/standard_task_runner.py:61 DeprecationWarning: This process (pid=903) is multi-threaded, use of fork() may lead to deadlocks in the child.
[2024-11-26T00:14:55.264+0000] {standard_task_runner.py:63} INFO - Started process 906 to run task
[2024-11-26T00:15:01.362+0000] {task_command.py:426} INFO - Running <TaskInstance: nba_games_etl_daily.load_data manual__2024-11-26T00:14:51.583983+00:00 [running]> on host 98bc2e09bbb2
[2024-11-26T00:15:01.424+0000] {taskinstance.py:2648} INFO - Exporting env vars: AIRFLOW_CTX_DAG_OWNER='***' AIRFLOW_CTX_DAG_ID='nba_games_etl_daily' AIRFLOW_CTX_TASK_ID='load_data' AIRFLOW_CTX_EXECUTION_DATE='2024-11-26T00:14:51.583983+00:00' AIRFLOW_CTX_TRY_NUMBER='1' AIRFLOW_CTX_DAG_RUN_ID='manual__2024-11-26T00:14:51.583983+00:00'
[2024-11-26T00:15:01.425+0000] {taskinstance.py:430} INFO - ::endgroup::
[2024-11-26T00:15:01.604+0000] {cursor.py:1149} INFO - Number of results in first chunk: 1
[2024-11-26T00:15:01.984+0000] {cursor.py:1149} INFO - Number of results in first chunk: 1
[2024-11-26T00:15:03.806+0000] {cursor.py:1149} INFO - Number of results in first chunk: 1
[2024-11-26T00:15:03.912+0000] {cursor.py:1149} INFO - Number of results in first chunk: 1
[2024-11-26T00:15:03.913+0000] {logging_mixin.py:188} INFO - All new data loaded successfully.
[2024-11-26T00:15:03.913+0000] {python.py:237} INFO - Done. Returned value was: None
[2024-11-26T00:15:03.914+0000] {taskinstance.py:441} INFO - ::group::Post task execution logs
[2024-11-26T00:15:03.920+0000] {taskinstance.py:1206} INFO - Marking task as SUCCESS. dag_id=nba_games_etl_daily, task_id=load_data, run_id=manual__2024-11-26T00:14:51.583983+00:00, execution_date=20241126T001451, start_date=20241126T001455, end_date=20241126T001503
[2024-11-26T00:15:03.953+0000] {local_task_job_runner.py:240} INFO - Task exited with return code 0
[2024-11-26T00:15:03.963+0000] {taskinstance.py:3498} INFO - 0 downstream tasks scheduled from follow-on schedule check
[2024-11-26T00:15:03.965+0000] {local_task_job_runner.py:222} INFO - ::endgroup::
