[2024-11-29T04:00:56.114+0000] {local_task_job_runner.py:120} INFO - ::group::Pre task execution logs
[2024-11-29T04:00:56.135+0000] {taskinstance.py:2076} INFO - Dependencies all met for dep_context=non-requeueable deps ti=<TaskInstance: nba_games_etl_daily.load_data scheduled__2024-11-28T02:30:00+00:00 [queued]>
[2024-11-29T04:00:56.142+0000] {taskinstance.py:2076} INFO - Dependencies all met for dep_context=requeueable deps ti=<TaskInstance: nba_games_etl_daily.load_data scheduled__2024-11-28T02:30:00+00:00 [queued]>
[2024-11-29T04:00:56.142+0000] {taskinstance.py:2306} INFO - Starting attempt 1 of 1
[2024-11-29T04:00:56.178+0000] {taskinstance.py:2330} INFO - Executing <Task(_PythonDecoratedOperator): load_data> on 2024-11-28 02:30:00+00:00
[2024-11-29T04:00:56.185+0000] {standard_task_runner.py:90} INFO - Running: ['***', 'tasks', 'run', 'nba_games_etl_daily', 'load_data', 'scheduled__2024-11-28T02:30:00+00:00', '--job-id', '58', '--raw', '--subdir', 'DAGS_FOLDER/daily_data_etl.py', '--cfg-path', '/tmp/tmp7hc6w_uj']
[2024-11-29T04:00:56.187+0000] {standard_task_runner.py:91} INFO - Job 58: Subtask load_data
[2024-11-29T04:00:56.189+0000] {logging_mixin.py:188} WARNING - /home/***/.local/lib/python3.12/site-packages/***/task/task_runner/standard_task_runner.py:61 DeprecationWarning: This process (pid=274) is multi-threaded, use of fork() may lead to deadlocks in the child.
[2024-11-29T04:00:56.190+0000] {standard_task_runner.py:63} INFO - Started process 289 to run task
[2024-11-29T04:00:56.240+0000] {task_command.py:426} INFO - Running <TaskInstance: nba_games_etl_daily.load_data scheduled__2024-11-28T02:30:00+00:00 [running]> on host 105fc369984c
[2024-11-29T04:00:56.330+0000] {taskinstance.py:2648} INFO - Exporting env vars: AIRFLOW_CTX_DAG_OWNER='***' AIRFLOW_CTX_DAG_ID='nba_games_etl_daily' AIRFLOW_CTX_TASK_ID='load_data' AIRFLOW_CTX_EXECUTION_DATE='2024-11-28T02:30:00+00:00' AIRFLOW_CTX_TRY_NUMBER='1' AIRFLOW_CTX_DAG_RUN_ID='scheduled__2024-11-28T02:30:00+00:00'
[2024-11-29T04:00:56.331+0000] {taskinstance.py:430} INFO - ::endgroup::
[2024-11-29T04:00:56.583+0000] {cursor.py:1149} INFO - Number of results in first chunk: 1
[2024-11-29T04:00:56.930+0000] {cursor.py:1149} INFO - Number of results in first chunk: 1
[2024-11-29T04:01:00.492+0000] {cursor.py:1149} INFO - Number of results in first chunk: 1
[2024-11-29T04:01:00.617+0000] {cursor.py:1149} INFO - Number of results in first chunk: 1
[2024-11-29T04:01:00.618+0000] {logging_mixin.py:188} INFO - All new data loaded successfully.
[2024-11-29T04:01:00.618+0000] {python.py:237} INFO - Done. Returned value was: None
[2024-11-29T04:01:00.618+0000] {taskinstance.py:441} INFO - ::group::Post task execution logs
[2024-11-29T04:01:00.625+0000] {taskinstance.py:1206} INFO - Marking task as SUCCESS. dag_id=nba_games_etl_daily, task_id=load_data, run_id=scheduled__2024-11-28T02:30:00+00:00, execution_date=20241128T023000, start_date=20241129T040056, end_date=20241129T040100
[2024-11-29T04:01:00.657+0000] {local_task_job_runner.py:240} INFO - Task exited with return code 0
[2024-11-29T04:01:00.669+0000] {taskinstance.py:3498} INFO - 0 downstream tasks scheduled from follow-on schedule check
[2024-11-29T04:01:00.672+0000] {local_task_job_runner.py:222} INFO - ::endgroup::
