[2024-12-02T06:54:54.750+0000] {local_task_job_runner.py:120} INFO - ::group::Pre task execution logs
[2024-12-02T06:54:54.777+0000] {taskinstance.py:2076} INFO - Dependencies all met for dep_context=non-requeueable deps ti=<TaskInstance: nba_data_elt.dbt_snapshot manual__2024-12-02T06:54:26.299897+00:00 [queued]>
[2024-12-02T06:54:54.784+0000] {taskinstance.py:2076} INFO - Dependencies all met for dep_context=requeueable deps ti=<TaskInstance: nba_data_elt.dbt_snapshot manual__2024-12-02T06:54:26.299897+00:00 [queued]>
[2024-12-02T06:54:54.785+0000] {taskinstance.py:2306} INFO - Starting attempt 1 of 1
[2024-12-02T06:54:54.796+0000] {taskinstance.py:2330} INFO - Executing <Task(BashOperator): dbt_snapshot> on 2024-12-02 06:54:26.299897+00:00
[2024-12-02T06:54:54.803+0000] {standard_task_runner.py:90} INFO - Running: ['***', 'tasks', 'run', 'nba_data_elt', 'dbt_snapshot', 'manual__2024-12-02T06:54:26.299897+00:00', '--job-id', '83', '--raw', '--subdir', 'DAGS_FOLDER/data_elt.py', '--cfg-path', '/tmp/tmp2cphn3m7']
[2024-12-02T06:54:54.805+0000] {standard_task_runner.py:91} INFO - Job 83: Subtask dbt_snapshot
[2024-12-02T06:54:54.806+0000] {logging_mixin.py:188} WARNING - /home/***/.local/lib/python3.12/site-packages/***/task/task_runner/standard_task_runner.py:61 DeprecationWarning: This process (pid=335) is multi-threaded, use of fork() may lead to deadlocks in the child.
[2024-12-02T06:54:54.807+0000] {standard_task_runner.py:63} INFO - Started process 336 to run task
[2024-12-02T06:54:54.840+0000] {task_command.py:426} INFO - Running <TaskInstance: nba_data_elt.dbt_snapshot manual__2024-12-02T06:54:26.299897+00:00 [running]> on host 065cc2990949
[2024-12-02T06:54:54.913+0000] {taskinstance.py:2648} INFO - Exporting env vars: AIRFLOW_CTX_DAG_OWNER='***' AIRFLOW_CTX_DAG_ID='nba_data_elt' AIRFLOW_CTX_TASK_ID='dbt_snapshot' AIRFLOW_CTX_EXECUTION_DATE='2024-12-02T06:54:26.299897+00:00' AIRFLOW_CTX_TRY_NUMBER='1' AIRFLOW_CTX_DAG_RUN_ID='manual__2024-12-02T06:54:26.299897+00:00'
[2024-12-02T06:54:54.914+0000] {taskinstance.py:430} INFO - ::endgroup::
[2024-12-02T06:54:54.926+0000] {subprocess.py:63} INFO - Tmp dir root location: /tmp
[2024-12-02T06:54:54.927+0000] {subprocess.py:75} INFO - Running command: ['/usr/bin/bash', '-c', '/home/***/.local/bin/dbt snapshot --profiles-dir /opt/***/dbt --project-dir /opt/***/dbt']
[2024-12-02T06:54:54.934+0000] {subprocess.py:86} INFO - Output:
[2024-12-02T06:54:56.576+0000] {subprocess.py:93} INFO - [0m06:54:56  Running with dbt=1.8.7
[2024-12-02T06:54:57.547+0000] {subprocess.py:93} INFO - [0m06:54:57  Registered adapter: snowflake=1.8.4
[2024-12-02T06:54:58.500+0000] {subprocess.py:93} INFO - [0m06:54:58  Found 4 models, 11 data tests, 1 source, 575 macros
[2024-12-02T06:54:58.503+0000] {subprocess.py:93} INFO - [0m06:54:58
[2024-12-02T06:54:58.504+0000] {subprocess.py:93} INFO - [0m06:54:58  Nothing to do. Try checking your model configs and model specification args
[2024-12-02T06:54:59.273+0000] {subprocess.py:97} INFO - Command exited with return code 0
[2024-12-02T06:54:59.274+0000] {taskinstance.py:441} INFO - ::group::Post task execution logs
[2024-12-02T06:54:59.292+0000] {taskinstance.py:1206} INFO - Marking task as SUCCESS. dag_id=nba_data_elt, task_id=dbt_snapshot, run_id=manual__2024-12-02T06:54:26.299897+00:00, execution_date=20241202T065426, start_date=20241202T065454, end_date=20241202T065459
[2024-12-02T06:54:59.316+0000] {local_task_job_runner.py:240} INFO - Task exited with return code 0
[2024-12-02T06:54:59.328+0000] {taskinstance.py:3498} INFO - 0 downstream tasks scheduled from follow-on schedule check
[2024-12-02T06:54:59.331+0000] {local_task_job_runner.py:222} INFO - ::endgroup::
