[2024-11-26T00:39:11.242+0000] {local_task_job_runner.py:120} INFO - ::group::Pre task execution logs
[2024-11-26T00:39:11.263+0000] {taskinstance.py:2076} INFO - Dependencies all met for dep_context=non-requeueable deps ti=<TaskInstance: nba_games_etl_historical.stage_file_to_snowflake manual__2024-11-26T00:39:09.782644+00:00 [queued]>
[2024-11-26T00:39:11.268+0000] {taskinstance.py:2076} INFO - Dependencies all met for dep_context=requeueable deps ti=<TaskInstance: nba_games_etl_historical.stage_file_to_snowflake manual__2024-11-26T00:39:09.782644+00:00 [queued]>
[2024-11-26T00:39:11.269+0000] {taskinstance.py:2306} INFO - Starting attempt 1 of 1
[2024-11-26T00:39:11.277+0000] {taskinstance.py:2330} INFO - Executing <Task(_PythonDecoratedOperator): stage_file_to_snowflake> on 2024-11-26 00:39:09.782644+00:00
[2024-11-26T00:39:11.284+0000] {standard_task_runner.py:90} INFO - Running: ['***', 'tasks', 'run', 'nba_games_etl_historical', 'stage_file_to_snowflake', 'manual__2024-11-26T00:39:09.782644+00:00', '--job-id', '32', '--raw', '--subdir', 'DAGS_FOLDER/historical_data_etl.py', '--cfg-path', '/tmp/tmpc3556716']
[2024-11-26T00:39:11.285+0000] {standard_task_runner.py:91} INFO - Job 32: Subtask stage_file_to_snowflake
[2024-11-26T00:39:11.286+0000] {logging_mixin.py:188} WARNING - /home/***/.local/lib/python3.12/site-packages/***/task/task_runner/standard_task_runner.py:61 DeprecationWarning: This process (pid=261) is multi-threaded, use of fork() may lead to deadlocks in the child.
[2024-11-26T00:39:11.286+0000] {standard_task_runner.py:63} INFO - Started process 264 to run task
[2024-11-26T00:39:11.319+0000] {task_command.py:426} INFO - Running <TaskInstance: nba_games_etl_historical.stage_file_to_snowflake manual__2024-11-26T00:39:09.782644+00:00 [running]> on host 98bc2e09bbb2
[2024-11-26T00:39:11.380+0000] {taskinstance.py:2648} INFO - Exporting env vars: AIRFLOW_CTX_DAG_OWNER='***' AIRFLOW_CTX_DAG_ID='nba_games_etl_historical' AIRFLOW_CTX_TASK_ID='stage_file_to_snowflake' AIRFLOW_CTX_EXECUTION_DATE='2024-11-26T00:39:09.782644+00:00' AIRFLOW_CTX_TRY_NUMBER='1' AIRFLOW_CTX_DAG_RUN_ID='manual__2024-11-26T00:39:09.782644+00:00'
[2024-11-26T00:39:11.381+0000] {taskinstance.py:430} INFO - ::endgroup::
[2024-11-26T00:39:11.586+0000] {cursor.py:1149} INFO - Number of results in first chunk: 1
[2024-11-26T00:39:12.310+0000] {cursor.py:1149} INFO - Number of results in first chunk: 1
[2024-11-26T00:39:12.310+0000] {logging_mixin.py:188} INFO - File /opt/***/data/raw_data_games.csv successfully staged to raw_data_stage.
[2024-11-26T00:39:12.311+0000] {python.py:237} INFO - Done. Returned value was: None
[2024-11-26T00:39:12.312+0000] {taskinstance.py:441} INFO - ::group::Post task execution logs
[2024-11-26T00:39:12.318+0000] {taskinstance.py:1206} INFO - Marking task as SUCCESS. dag_id=nba_games_etl_historical, task_id=stage_file_to_snowflake, run_id=manual__2024-11-26T00:39:09.782644+00:00, execution_date=20241126T003909, start_date=20241126T003911, end_date=20241126T003912
[2024-11-26T00:39:12.341+0000] {local_task_job_runner.py:240} INFO - Task exited with return code 0
[2024-11-26T00:39:12.349+0000] {local_task_job_runner.py:222} INFO - ::endgroup::
