[2024-11-24T19:53:18.437+0000] {local_task_job_runner.py:120} INFO - ::group::Pre task execution logs
[2024-11-24T19:53:18.458+0000] {taskinstance.py:2076} INFO - Dependencies all met for dep_context=non-requeueable deps ti=<TaskInstance: nba_games_etl.load_data_to_snowflake manual__2024-11-24T19:53:08.026001+00:00 [queued]>
[2024-11-24T19:53:18.464+0000] {taskinstance.py:2076} INFO - Dependencies all met for dep_context=requeueable deps ti=<TaskInstance: nba_games_etl.load_data_to_snowflake manual__2024-11-24T19:53:08.026001+00:00 [queued]>
[2024-11-24T19:53:18.465+0000] {taskinstance.py:2306} INFO - Starting attempt 1 of 1
[2024-11-24T19:53:18.474+0000] {taskinstance.py:2330} INFO - Executing <Task(_PythonDecoratedOperator): load_data_to_snowflake> on 2024-11-24 19:53:08.026001+00:00
[2024-11-24T19:53:18.480+0000] {standard_task_runner.py:90} INFO - Running: ['***', 'tasks', 'run', 'nba_games_etl', 'load_data_to_snowflake', 'manual__2024-11-24T19:53:08.026001+00:00', '--job-id', '8', '--raw', '--subdir', 'DAGS_FOLDER/historical_data_etl.py', '--cfg-path', '/tmp/tmpu5s4ezc6']
[2024-11-24T19:53:18.481+0000] {standard_task_runner.py:91} INFO - Job 8: Subtask load_data_to_snowflake
[2024-11-24T19:53:18.482+0000] {logging_mixin.py:188} WARNING - /home/***/.local/lib/python3.12/site-packages/***/task/task_runner/standard_task_runner.py:61 DeprecationWarning: This process (pid=550) is multi-threaded, use of fork() may lead to deadlocks in the child.
[2024-11-24T19:53:18.483+0000] {standard_task_runner.py:63} INFO - Started process 553 to run task
[2024-11-24T19:53:18.513+0000] {task_command.py:426} INFO - Running <TaskInstance: nba_games_etl.load_data_to_snowflake manual__2024-11-24T19:53:08.026001+00:00 [running]> on host 98bc2e09bbb2
[2024-11-24T19:53:18.572+0000] {taskinstance.py:2648} INFO - Exporting env vars: AIRFLOW_CTX_DAG_OWNER='***' AIRFLOW_CTX_DAG_ID='nba_games_etl' AIRFLOW_CTX_TASK_ID='load_data_to_snowflake' AIRFLOW_CTX_EXECUTION_DATE='2024-11-24T19:53:08.026001+00:00' AIRFLOW_CTX_TRY_NUMBER='1' AIRFLOW_CTX_DAG_RUN_ID='manual__2024-11-24T19:53:08.026001+00:00'
[2024-11-24T19:53:18.574+0000] {taskinstance.py:430} INFO - ::endgroup::
[2024-11-24T19:53:18.759+0000] {cursor.py:1149} INFO - Number of results in first chunk: 1
[2024-11-24T19:53:19.112+0000] {cursor.py:1149} INFO - Number of results in first chunk: 1
[2024-11-24T19:53:20.013+0000] {cursor.py:1149} INFO - Number of results in first chunk: 1
[2024-11-24T19:53:20.014+0000] {logging_mixin.py:188} INFO - Data successfully loaded into a new table NBAstats.raw_data.nba_games.
[2024-11-24T19:53:20.091+0000] {cursor.py:1149} INFO - Number of results in first chunk: 1
[2024-11-24T19:53:20.091+0000] {python.py:237} INFO - Done. Returned value was: None
[2024-11-24T19:53:20.092+0000] {taskinstance.py:441} INFO - ::group::Post task execution logs
[2024-11-24T19:53:20.099+0000] {taskinstance.py:1206} INFO - Marking task as SUCCESS. dag_id=nba_games_etl, task_id=load_data_to_snowflake, run_id=manual__2024-11-24T19:53:08.026001+00:00, execution_date=20241124T195308, start_date=20241124T195318, end_date=20241124T195320
[2024-11-24T19:53:20.139+0000] {local_task_job_runner.py:240} INFO - Task exited with return code 0
[2024-11-24T19:53:20.150+0000] {taskinstance.py:3498} INFO - 0 downstream tasks scheduled from follow-on schedule check
[2024-11-24T19:53:20.152+0000] {local_task_job_runner.py:222} INFO - ::endgroup::
