[2024-11-25T23:46:10.154+0000] {processor.py:161} INFO - Started process (PID=222) to work on /opt/airflow/dags/historical_data_etl.py
[2024-11-25T23:46:10.155+0000] {processor.py:830} INFO - Processing file /opt/airflow/dags/historical_data_etl.py for tasks to queue
[2024-11-25T23:46:10.157+0000] {logging_mixin.py:188} INFO - [2024-11-25T23:46:10.157+0000] {dagbag.py:545} INFO - Filling up the DagBag from /opt/airflow/dags/historical_data_etl.py
[2024-11-25T23:46:10.179+0000] {logging_mixin.py:188} INFO - [2024-11-25T23:46:10.178+0000] {base.py:84} INFO - Using connection ID 'snowflake_conn_nba' for task execution.
[2024-11-25T23:46:10.180+0000] {logging_mixin.py:188} INFO - [2024-11-25T23:46:10.180+0000] {connection.py:399} INFO - Snowflake Connector for Python Version: 3.10.0, Python Version: 3.12.3, Platform: Linux-5.15.153.1-microsoft-standard-WSL2-x86_64-with-glibc2.36
[2024-11-25T23:46:10.181+0000] {logging_mixin.py:188} INFO - [2024-11-25T23:46:10.181+0000] {connection.py:1239} INFO - This connection is in OCSP Fail Open Mode. TLS Certificates would be checked for validity and revocation status. Any other Certificate Revocation related exceptions or OCSP Responder failures would be disregarded in favor of connectivity.
[2024-11-25T23:46:11.049+0000] {processor.py:840} INFO - DAG(s) 'nba_games_etl' retrieved from /opt/airflow/dags/historical_data_etl.py
[2024-11-25T23:46:11.223+0000] {logging_mixin.py:188} INFO - [2024-11-25T23:46:11.223+0000] {dag.py:3096} INFO - Sync 1 DAGs
[2024-11-25T23:46:11.235+0000] {logging_mixin.py:188} INFO - [2024-11-25T23:46:11.235+0000] {dag.py:3954} INFO - Setting next_dagrun for nba_games_etl to None, run_after=None
[2024-11-25T23:46:11.255+0000] {processor.py:183} INFO - Processing /opt/airflow/dags/historical_data_etl.py took 1.105 seconds
[2024-11-25T23:46:41.450+0000] {processor.py:161} INFO - Started process (PID=276) to work on /opt/airflow/dags/historical_data_etl.py
[2024-11-25T23:46:41.451+0000] {processor.py:830} INFO - Processing file /opt/airflow/dags/historical_data_etl.py for tasks to queue
[2024-11-25T23:46:41.453+0000] {logging_mixin.py:188} INFO - [2024-11-25T23:46:41.453+0000] {dagbag.py:545} INFO - Filling up the DagBag from /opt/airflow/dags/historical_data_etl.py
[2024-11-25T23:46:41.492+0000] {logging_mixin.py:188} INFO - [2024-11-25T23:46:41.492+0000] {base.py:84} INFO - Using connection ID 'snowflake_conn_nba' for task execution.
[2024-11-25T23:46:41.494+0000] {logging_mixin.py:188} INFO - [2024-11-25T23:46:41.494+0000] {connection.py:399} INFO - Snowflake Connector for Python Version: 3.10.0, Python Version: 3.12.3, Platform: Linux-5.15.153.1-microsoft-standard-WSL2-x86_64-with-glibc2.36
[2024-11-25T23:46:41.495+0000] {logging_mixin.py:188} INFO - [2024-11-25T23:46:41.495+0000] {connection.py:1239} INFO - This connection is in OCSP Fail Open Mode. TLS Certificates would be checked for validity and revocation status. Any other Certificate Revocation related exceptions or OCSP Responder failures would be disregarded in favor of connectivity.
[2024-11-25T23:46:42.139+0000] {processor.py:840} INFO - DAG(s) 'nba_games_etl' retrieved from /opt/airflow/dags/historical_data_etl.py
[2024-11-25T23:46:42.279+0000] {logging_mixin.py:188} INFO - [2024-11-25T23:46:42.279+0000] {dag.py:3096} INFO - Sync 1 DAGs
[2024-11-25T23:46:42.293+0000] {logging_mixin.py:188} INFO - [2024-11-25T23:46:42.293+0000] {dag.py:3954} INFO - Setting next_dagrun for nba_games_etl to None, run_after=None
[2024-11-25T23:46:42.322+0000] {processor.py:183} INFO - Processing /opt/airflow/dags/historical_data_etl.py took 0.877 seconds
[2024-11-25T23:47:12.544+0000] {processor.py:161} INFO - Started process (PID=292) to work on /opt/airflow/dags/historical_data_etl.py
[2024-11-25T23:47:12.545+0000] {processor.py:830} INFO - Processing file /opt/airflow/dags/historical_data_etl.py for tasks to queue
[2024-11-25T23:47:12.546+0000] {logging_mixin.py:188} INFO - [2024-11-25T23:47:12.545+0000] {dagbag.py:545} INFO - Filling up the DagBag from /opt/airflow/dags/historical_data_etl.py
[2024-11-25T23:47:12.570+0000] {logging_mixin.py:188} INFO - [2024-11-25T23:47:12.570+0000] {base.py:84} INFO - Using connection ID 'snowflake_conn_nba' for task execution.
[2024-11-25T23:47:12.571+0000] {logging_mixin.py:188} INFO - [2024-11-25T23:47:12.571+0000] {connection.py:399} INFO - Snowflake Connector for Python Version: 3.10.0, Python Version: 3.12.3, Platform: Linux-5.15.153.1-microsoft-standard-WSL2-x86_64-with-glibc2.36
[2024-11-25T23:47:12.572+0000] {logging_mixin.py:188} INFO - [2024-11-25T23:47:12.572+0000] {connection.py:1239} INFO - This connection is in OCSP Fail Open Mode. TLS Certificates would be checked for validity and revocation status. Any other Certificate Revocation related exceptions or OCSP Responder failures would be disregarded in favor of connectivity.
[2024-11-25T23:47:13.288+0000] {processor.py:840} INFO - DAG(s) 'nba_games_etl' retrieved from /opt/airflow/dags/historical_data_etl.py
[2024-11-25T23:47:13.361+0000] {logging_mixin.py:188} INFO - [2024-11-25T23:47:13.360+0000] {dag.py:3096} INFO - Sync 1 DAGs
[2024-11-25T23:47:13.369+0000] {logging_mixin.py:188} INFO - [2024-11-25T23:47:13.369+0000] {dag.py:3954} INFO - Setting next_dagrun for nba_games_etl to None, run_after=None
[2024-11-25T23:47:13.385+0000] {processor.py:183} INFO - Processing /opt/airflow/dags/historical_data_etl.py took 0.846 seconds
[2024-11-25T23:47:43.735+0000] {processor.py:161} INFO - Started process (PID=308) to work on /opt/airflow/dags/historical_data_etl.py
[2024-11-25T23:47:43.736+0000] {processor.py:830} INFO - Processing file /opt/airflow/dags/historical_data_etl.py for tasks to queue
[2024-11-25T23:47:43.736+0000] {logging_mixin.py:188} INFO - [2024-11-25T23:47:43.736+0000] {dagbag.py:545} INFO - Filling up the DagBag from /opt/airflow/dags/historical_data_etl.py
[2024-11-25T23:47:43.758+0000] {logging_mixin.py:188} INFO - [2024-11-25T23:47:43.757+0000] {base.py:84} INFO - Using connection ID 'snowflake_conn_nba' for task execution.
[2024-11-25T23:47:43.759+0000] {logging_mixin.py:188} INFO - [2024-11-25T23:47:43.759+0000] {connection.py:399} INFO - Snowflake Connector for Python Version: 3.10.0, Python Version: 3.12.3, Platform: Linux-5.15.153.1-microsoft-standard-WSL2-x86_64-with-glibc2.36
[2024-11-25T23:47:43.760+0000] {logging_mixin.py:188} INFO - [2024-11-25T23:47:43.760+0000] {connection.py:1239} INFO - This connection is in OCSP Fail Open Mode. TLS Certificates would be checked for validity and revocation status. Any other Certificate Revocation related exceptions or OCSP Responder failures would be disregarded in favor of connectivity.
[2024-11-25T23:47:44.325+0000] {processor.py:840} INFO - DAG(s) 'nba_games_etl' retrieved from /opt/airflow/dags/historical_data_etl.py
[2024-11-25T23:47:44.405+0000] {logging_mixin.py:188} INFO - [2024-11-25T23:47:44.404+0000] {dag.py:3096} INFO - Sync 1 DAGs
[2024-11-25T23:47:44.413+0000] {logging_mixin.py:188} INFO - [2024-11-25T23:47:44.413+0000] {dag.py:3954} INFO - Setting next_dagrun for nba_games_etl to None, run_after=None
[2024-11-25T23:47:44.433+0000] {processor.py:183} INFO - Processing /opt/airflow/dags/historical_data_etl.py took 0.703 seconds
[2024-11-25T23:48:16.233+0000] {processor.py:161} INFO - Started process (PID=209) to work on /opt/airflow/dags/historical_data_etl.py
[2024-11-25T23:48:16.234+0000] {processor.py:830} INFO - Processing file /opt/airflow/dags/historical_data_etl.py for tasks to queue
[2024-11-25T23:48:16.236+0000] {logging_mixin.py:188} INFO - [2024-11-25T23:48:16.236+0000] {dagbag.py:545} INFO - Filling up the DagBag from /opt/airflow/dags/historical_data_etl.py
[2024-11-25T23:48:16.263+0000] {logging_mixin.py:188} INFO - [2024-11-25T23:48:16.263+0000] {base.py:84} INFO - Using connection ID 'snowflake_conn_nba' for task execution.
[2024-11-25T23:48:16.264+0000] {logging_mixin.py:188} INFO - [2024-11-25T23:48:16.264+0000] {connection.py:399} INFO - Snowflake Connector for Python Version: 3.10.0, Python Version: 3.12.3, Platform: Linux-5.15.153.1-microsoft-standard-WSL2-x86_64-with-glibc2.36
[2024-11-25T23:48:16.265+0000] {logging_mixin.py:188} INFO - [2024-11-25T23:48:16.265+0000] {connection.py:1239} INFO - This connection is in OCSP Fail Open Mode. TLS Certificates would be checked for validity and revocation status. Any other Certificate Revocation related exceptions or OCSP Responder failures would be disregarded in favor of connectivity.
[2024-11-25T23:48:16.906+0000] {processor.py:840} INFO - DAG(s) 'nba_games_etl' retrieved from /opt/airflow/dags/historical_data_etl.py
[2024-11-25T23:48:16.999+0000] {logging_mixin.py:188} INFO - [2024-11-25T23:48:16.999+0000] {dag.py:3096} INFO - Sync 1 DAGs
[2024-11-25T23:48:17.010+0000] {logging_mixin.py:188} INFO - [2024-11-25T23:48:17.010+0000] {dag.py:3954} INFO - Setting next_dagrun for nba_games_etl to None, run_after=None
[2024-11-25T23:48:17.028+0000] {processor.py:183} INFO - Processing /opt/airflow/dags/historical_data_etl.py took 0.800 seconds
[2024-11-25T23:48:47.475+0000] {processor.py:161} INFO - Started process (PID=260) to work on /opt/airflow/dags/historical_data_etl.py
[2024-11-25T23:48:47.476+0000] {processor.py:830} INFO - Processing file /opt/airflow/dags/historical_data_etl.py for tasks to queue
[2024-11-25T23:48:47.481+0000] {logging_mixin.py:188} INFO - [2024-11-25T23:48:47.479+0000] {dagbag.py:545} INFO - Filling up the DagBag from /opt/airflow/dags/historical_data_etl.py
[2024-11-25T23:48:47.510+0000] {logging_mixin.py:188} INFO - [2024-11-25T23:48:47.510+0000] {base.py:84} INFO - Using connection ID 'snowflake_conn_nba' for task execution.
[2024-11-25T23:48:47.511+0000] {logging_mixin.py:188} INFO - [2024-11-25T23:48:47.511+0000] {connection.py:399} INFO - Snowflake Connector for Python Version: 3.10.0, Python Version: 3.12.3, Platform: Linux-5.15.153.1-microsoft-standard-WSL2-x86_64-with-glibc2.36
[2024-11-25T23:48:47.513+0000] {logging_mixin.py:188} INFO - [2024-11-25T23:48:47.512+0000] {connection.py:1239} INFO - This connection is in OCSP Fail Open Mode. TLS Certificates would be checked for validity and revocation status. Any other Certificate Revocation related exceptions or OCSP Responder failures would be disregarded in favor of connectivity.
[2024-11-25T23:48:48.115+0000] {processor.py:840} INFO - DAG(s) 'nba_games_etl' retrieved from /opt/airflow/dags/historical_data_etl.py
[2024-11-25T23:48:48.207+0000] {logging_mixin.py:188} INFO - [2024-11-25T23:48:48.206+0000] {dag.py:3096} INFO - Sync 1 DAGs
[2024-11-25T23:48:48.219+0000] {logging_mixin.py:188} INFO - [2024-11-25T23:48:48.219+0000] {dag.py:3954} INFO - Setting next_dagrun for nba_games_etl to None, run_after=None
[2024-11-25T23:48:48.247+0000] {processor.py:183} INFO - Processing /opt/airflow/dags/historical_data_etl.py took 0.778 seconds
[2024-11-25T23:49:18.969+0000] {processor.py:161} INFO - Started process (PID=276) to work on /opt/airflow/dags/historical_data_etl.py
[2024-11-25T23:49:18.970+0000] {processor.py:830} INFO - Processing file /opt/airflow/dags/historical_data_etl.py for tasks to queue
[2024-11-25T23:49:18.972+0000] {logging_mixin.py:188} INFO - [2024-11-25T23:49:18.971+0000] {dagbag.py:545} INFO - Filling up the DagBag from /opt/airflow/dags/historical_data_etl.py
[2024-11-25T23:49:18.992+0000] {logging_mixin.py:188} INFO - [2024-11-25T23:49:18.992+0000] {base.py:84} INFO - Using connection ID 'snowflake_conn_nba' for task execution.
[2024-11-25T23:49:18.993+0000] {logging_mixin.py:188} INFO - [2024-11-25T23:49:18.993+0000] {connection.py:399} INFO - Snowflake Connector for Python Version: 3.10.0, Python Version: 3.12.3, Platform: Linux-5.15.153.1-microsoft-standard-WSL2-x86_64-with-glibc2.36
[2024-11-25T23:49:18.994+0000] {logging_mixin.py:188} INFO - [2024-11-25T23:49:18.994+0000] {connection.py:1239} INFO - This connection is in OCSP Fail Open Mode. TLS Certificates would be checked for validity and revocation status. Any other Certificate Revocation related exceptions or OCSP Responder failures would be disregarded in favor of connectivity.
[2024-11-25T23:49:19.497+0000] {processor.py:840} INFO - DAG(s) 'nba_games_etl' retrieved from /opt/airflow/dags/historical_data_etl.py
[2024-11-25T23:49:19.559+0000] {logging_mixin.py:188} INFO - [2024-11-25T23:49:19.558+0000] {dag.py:3096} INFO - Sync 1 DAGs
[2024-11-25T23:49:19.566+0000] {logging_mixin.py:188} INFO - [2024-11-25T23:49:19.566+0000] {dag.py:3954} INFO - Setting next_dagrun for nba_games_etl to None, run_after=None
[2024-11-25T23:49:19.581+0000] {processor.py:183} INFO - Processing /opt/airflow/dags/historical_data_etl.py took 0.616 seconds
[2024-11-25T23:49:50.453+0000] {processor.py:161} INFO - Started process (PID=292) to work on /opt/airflow/dags/historical_data_etl.py
[2024-11-25T23:49:50.454+0000] {processor.py:830} INFO - Processing file /opt/airflow/dags/historical_data_etl.py for tasks to queue
[2024-11-25T23:49:50.455+0000] {logging_mixin.py:188} INFO - [2024-11-25T23:49:50.455+0000] {dagbag.py:545} INFO - Filling up the DagBag from /opt/airflow/dags/historical_data_etl.py
[2024-11-25T23:49:50.475+0000] {logging_mixin.py:188} INFO - [2024-11-25T23:49:50.474+0000] {base.py:84} INFO - Using connection ID 'snowflake_conn_nba' for task execution.
[2024-11-25T23:49:50.476+0000] {logging_mixin.py:188} INFO - [2024-11-25T23:49:50.475+0000] {connection.py:399} INFO - Snowflake Connector for Python Version: 3.10.0, Python Version: 3.12.3, Platform: Linux-5.15.153.1-microsoft-standard-WSL2-x86_64-with-glibc2.36
[2024-11-25T23:49:50.476+0000] {logging_mixin.py:188} INFO - [2024-11-25T23:49:50.476+0000] {connection.py:1239} INFO - This connection is in OCSP Fail Open Mode. TLS Certificates would be checked for validity and revocation status. Any other Certificate Revocation related exceptions or OCSP Responder failures would be disregarded in favor of connectivity.
[2024-11-25T23:49:51.068+0000] {processor.py:840} INFO - DAG(s) 'nba_games_etl' retrieved from /opt/airflow/dags/historical_data_etl.py
[2024-11-25T23:49:51.146+0000] {logging_mixin.py:188} INFO - [2024-11-25T23:49:51.146+0000] {dag.py:3096} INFO - Sync 1 DAGs
[2024-11-25T23:49:51.153+0000] {logging_mixin.py:188} INFO - [2024-11-25T23:49:51.153+0000] {dag.py:3954} INFO - Setting next_dagrun for nba_games_etl to None, run_after=None
[2024-11-25T23:49:51.169+0000] {processor.py:183} INFO - Processing /opt/airflow/dags/historical_data_etl.py took 0.719 seconds
[2024-11-25T23:50:22.050+0000] {processor.py:161} INFO - Started process (PID=308) to work on /opt/airflow/dags/historical_data_etl.py
[2024-11-25T23:50:22.051+0000] {processor.py:830} INFO - Processing file /opt/airflow/dags/historical_data_etl.py for tasks to queue
[2024-11-25T23:50:22.052+0000] {logging_mixin.py:188} INFO - [2024-11-25T23:50:22.052+0000] {dagbag.py:545} INFO - Filling up the DagBag from /opt/airflow/dags/historical_data_etl.py
[2024-11-25T23:50:22.072+0000] {logging_mixin.py:188} INFO - [2024-11-25T23:50:22.072+0000] {base.py:84} INFO - Using connection ID 'snowflake_conn_nba' for task execution.
[2024-11-25T23:50:22.073+0000] {logging_mixin.py:188} INFO - [2024-11-25T23:50:22.073+0000] {connection.py:399} INFO - Snowflake Connector for Python Version: 3.10.0, Python Version: 3.12.3, Platform: Linux-5.15.153.1-microsoft-standard-WSL2-x86_64-with-glibc2.36
[2024-11-25T23:50:22.074+0000] {logging_mixin.py:188} INFO - [2024-11-25T23:50:22.074+0000] {connection.py:1239} INFO - This connection is in OCSP Fail Open Mode. TLS Certificates would be checked for validity and revocation status. Any other Certificate Revocation related exceptions or OCSP Responder failures would be disregarded in favor of connectivity.
[2024-11-25T23:50:22.541+0000] {processor.py:840} INFO - DAG(s) 'nba_games_etl' retrieved from /opt/airflow/dags/historical_data_etl.py
[2024-11-25T23:50:22.603+0000] {logging_mixin.py:188} INFO - [2024-11-25T23:50:22.602+0000] {dag.py:3096} INFO - Sync 1 DAGs
[2024-11-25T23:50:22.610+0000] {logging_mixin.py:188} INFO - [2024-11-25T23:50:22.610+0000] {dag.py:3954} INFO - Setting next_dagrun for nba_games_etl to None, run_after=None
[2024-11-25T23:50:22.625+0000] {processor.py:183} INFO - Processing /opt/airflow/dags/historical_data_etl.py took 0.579 seconds
[2024-11-25T23:50:52.982+0000] {processor.py:161} INFO - Started process (PID=324) to work on /opt/airflow/dags/historical_data_etl.py
[2024-11-25T23:50:52.983+0000] {processor.py:830} INFO - Processing file /opt/airflow/dags/historical_data_etl.py for tasks to queue
[2024-11-25T23:50:52.986+0000] {logging_mixin.py:188} INFO - [2024-11-25T23:50:52.985+0000] {dagbag.py:545} INFO - Filling up the DagBag from /opt/airflow/dags/historical_data_etl.py
[2024-11-25T23:50:53.021+0000] {logging_mixin.py:188} INFO - [2024-11-25T23:50:53.021+0000] {base.py:84} INFO - Using connection ID 'snowflake_conn_nba' for task execution.
[2024-11-25T23:50:53.022+0000] {logging_mixin.py:188} INFO - [2024-11-25T23:50:53.022+0000] {connection.py:399} INFO - Snowflake Connector for Python Version: 3.10.0, Python Version: 3.12.3, Platform: Linux-5.15.153.1-microsoft-standard-WSL2-x86_64-with-glibc2.36
[2024-11-25T23:50:53.023+0000] {logging_mixin.py:188} INFO - [2024-11-25T23:50:53.023+0000] {connection.py:1239} INFO - This connection is in OCSP Fail Open Mode. TLS Certificates would be checked for validity and revocation status. Any other Certificate Revocation related exceptions or OCSP Responder failures would be disregarded in favor of connectivity.
[2024-11-25T23:50:53.447+0000] {processor.py:840} INFO - DAG(s) 'nba_games_etl' retrieved from /opt/airflow/dags/historical_data_etl.py
[2024-11-25T23:50:53.510+0000] {logging_mixin.py:188} INFO - [2024-11-25T23:50:53.510+0000] {dag.py:3096} INFO - Sync 1 DAGs
[2024-11-25T23:50:53.517+0000] {logging_mixin.py:188} INFO - [2024-11-25T23:50:53.517+0000] {dag.py:3954} INFO - Setting next_dagrun for nba_games_etl to None, run_after=None
[2024-11-25T23:50:53.532+0000] {processor.py:183} INFO - Processing /opt/airflow/dags/historical_data_etl.py took 0.558 seconds
[2024-11-25T23:51:29.643+0000] {processor.py:161} INFO - Started process (PID=209) to work on /opt/airflow/dags/historical_data_etl.py
[2024-11-25T23:51:29.644+0000] {processor.py:830} INFO - Processing file /opt/airflow/dags/historical_data_etl.py for tasks to queue
[2024-11-25T23:51:29.646+0000] {logging_mixin.py:188} INFO - [2024-11-25T23:51:29.646+0000] {dagbag.py:545} INFO - Filling up the DagBag from /opt/airflow/dags/historical_data_etl.py
[2024-11-25T23:51:29.668+0000] {logging_mixin.py:188} INFO - [2024-11-25T23:51:29.668+0000] {base.py:84} INFO - Using connection ID 'snowflake_conn_nba' for task execution.
[2024-11-25T23:51:29.669+0000] {logging_mixin.py:188} INFO - [2024-11-25T23:51:29.669+0000] {connection.py:399} INFO - Snowflake Connector for Python Version: 3.10.0, Python Version: 3.12.3, Platform: Linux-5.15.153.1-microsoft-standard-WSL2-x86_64-with-glibc2.36
[2024-11-25T23:51:29.670+0000] {logging_mixin.py:188} INFO - [2024-11-25T23:51:29.670+0000] {connection.py:1239} INFO - This connection is in OCSP Fail Open Mode. TLS Certificates would be checked for validity and revocation status. Any other Certificate Revocation related exceptions or OCSP Responder failures would be disregarded in favor of connectivity.
[2024-11-25T23:51:30.281+0000] {processor.py:840} INFO - DAG(s) 'nba_games_etl' retrieved from /opt/airflow/dags/historical_data_etl.py
[2024-11-25T23:51:30.356+0000] {logging_mixin.py:188} INFO - [2024-11-25T23:51:30.356+0000] {dag.py:3096} INFO - Sync 1 DAGs
[2024-11-25T23:51:30.363+0000] {logging_mixin.py:188} INFO - [2024-11-25T23:51:30.363+0000] {dag.py:3954} INFO - Setting next_dagrun for nba_games_etl to None, run_after=None
[2024-11-25T23:51:30.377+0000] {processor.py:183} INFO - Processing /opt/airflow/dags/historical_data_etl.py took 0.739 seconds
[2024-11-25T23:52:01.213+0000] {processor.py:161} INFO - Started process (PID=258) to work on /opt/airflow/dags/historical_data_etl.py
[2024-11-25T23:52:01.214+0000] {processor.py:830} INFO - Processing file /opt/airflow/dags/historical_data_etl.py for tasks to queue
[2024-11-25T23:52:01.216+0000] {logging_mixin.py:188} INFO - [2024-11-25T23:52:01.216+0000] {dagbag.py:545} INFO - Filling up the DagBag from /opt/airflow/dags/historical_data_etl.py
[2024-11-25T23:52:01.234+0000] {logging_mixin.py:188} INFO - [2024-11-25T23:52:01.234+0000] {base.py:84} INFO - Using connection ID 'snowflake_conn_nba' for task execution.
[2024-11-25T23:52:01.235+0000] {logging_mixin.py:188} INFO - [2024-11-25T23:52:01.234+0000] {connection.py:399} INFO - Snowflake Connector for Python Version: 3.10.0, Python Version: 3.12.3, Platform: Linux-5.15.153.1-microsoft-standard-WSL2-x86_64-with-glibc2.36
[2024-11-25T23:52:01.235+0000] {logging_mixin.py:188} INFO - [2024-11-25T23:52:01.235+0000] {connection.py:1239} INFO - This connection is in OCSP Fail Open Mode. TLS Certificates would be checked for validity and revocation status. Any other Certificate Revocation related exceptions or OCSP Responder failures would be disregarded in favor of connectivity.
[2024-11-25T23:52:01.881+0000] {processor.py:840} INFO - DAG(s) 'nba_games_etl' retrieved from /opt/airflow/dags/historical_data_etl.py
[2024-11-25T23:52:01.941+0000] {logging_mixin.py:188} INFO - [2024-11-25T23:52:01.941+0000] {dag.py:3096} INFO - Sync 1 DAGs
[2024-11-25T23:52:01.948+0000] {logging_mixin.py:188} INFO - [2024-11-25T23:52:01.948+0000] {dag.py:3954} INFO - Setting next_dagrun for nba_games_etl to None, run_after=None
[2024-11-25T23:52:01.964+0000] {processor.py:183} INFO - Processing /opt/airflow/dags/historical_data_etl.py took 0.755 seconds
[2024-11-25T23:52:32.858+0000] {processor.py:161} INFO - Started process (PID=274) to work on /opt/airflow/dags/historical_data_etl.py
[2024-11-25T23:52:32.859+0000] {processor.py:830} INFO - Processing file /opt/airflow/dags/historical_data_etl.py for tasks to queue
[2024-11-25T23:52:32.861+0000] {logging_mixin.py:188} INFO - [2024-11-25T23:52:32.860+0000] {dagbag.py:545} INFO - Filling up the DagBag from /opt/airflow/dags/historical_data_etl.py
[2024-11-25T23:52:32.885+0000] {logging_mixin.py:188} INFO - [2024-11-25T23:52:32.885+0000] {base.py:84} INFO - Using connection ID 'snowflake_conn_nba' for task execution.
[2024-11-25T23:52:32.887+0000] {logging_mixin.py:188} INFO - [2024-11-25T23:52:32.886+0000] {connection.py:399} INFO - Snowflake Connector for Python Version: 3.10.0, Python Version: 3.12.3, Platform: Linux-5.15.153.1-microsoft-standard-WSL2-x86_64-with-glibc2.36
[2024-11-25T23:52:32.888+0000] {logging_mixin.py:188} INFO - [2024-11-25T23:52:32.888+0000] {connection.py:1239} INFO - This connection is in OCSP Fail Open Mode. TLS Certificates would be checked for validity and revocation status. Any other Certificate Revocation related exceptions or OCSP Responder failures would be disregarded in favor of connectivity.
[2024-11-25T23:52:33.411+0000] {processor.py:840} INFO - DAG(s) 'nba_games_etl' retrieved from /opt/airflow/dags/historical_data_etl.py
[2024-11-25T23:52:33.476+0000] {logging_mixin.py:188} INFO - [2024-11-25T23:52:33.475+0000] {dag.py:3096} INFO - Sync 1 DAGs
[2024-11-25T23:52:33.482+0000] {logging_mixin.py:188} INFO - [2024-11-25T23:52:33.482+0000] {dag.py:3954} INFO - Setting next_dagrun for nba_games_etl to None, run_after=None
[2024-11-25T23:52:33.498+0000] {processor.py:183} INFO - Processing /opt/airflow/dags/historical_data_etl.py took 0.644 seconds
[2024-11-25T23:53:04.323+0000] {processor.py:161} INFO - Started process (PID=290) to work on /opt/airflow/dags/historical_data_etl.py
[2024-11-25T23:53:04.323+0000] {processor.py:830} INFO - Processing file /opt/airflow/dags/historical_data_etl.py for tasks to queue
[2024-11-25T23:53:04.325+0000] {logging_mixin.py:188} INFO - [2024-11-25T23:53:04.324+0000] {dagbag.py:545} INFO - Filling up the DagBag from /opt/airflow/dags/historical_data_etl.py
[2024-11-25T23:53:04.344+0000] {logging_mixin.py:188} INFO - [2024-11-25T23:53:04.344+0000] {base.py:84} INFO - Using connection ID 'snowflake_conn_nba' for task execution.
[2024-11-25T23:53:04.345+0000] {logging_mixin.py:188} INFO - [2024-11-25T23:53:04.345+0000] {connection.py:399} INFO - Snowflake Connector for Python Version: 3.10.0, Python Version: 3.12.3, Platform: Linux-5.15.153.1-microsoft-standard-WSL2-x86_64-with-glibc2.36
[2024-11-25T23:53:04.346+0000] {logging_mixin.py:188} INFO - [2024-11-25T23:53:04.346+0000] {connection.py:1239} INFO - This connection is in OCSP Fail Open Mode. TLS Certificates would be checked for validity and revocation status. Any other Certificate Revocation related exceptions or OCSP Responder failures would be disregarded in favor of connectivity.
[2024-11-25T23:53:04.850+0000] {processor.py:840} INFO - DAG(s) 'nba_games_etl' retrieved from /opt/airflow/dags/historical_data_etl.py
[2024-11-25T23:53:04.914+0000] {logging_mixin.py:188} INFO - [2024-11-25T23:53:04.913+0000] {dag.py:3096} INFO - Sync 1 DAGs
[2024-11-25T23:53:04.921+0000] {logging_mixin.py:188} INFO - [2024-11-25T23:53:04.921+0000] {dag.py:3954} INFO - Setting next_dagrun for nba_games_etl to None, run_after=None
[2024-11-25T23:53:04.937+0000] {processor.py:183} INFO - Processing /opt/airflow/dags/historical_data_etl.py took 0.619 seconds
[2024-11-25T23:53:35.738+0000] {processor.py:161} INFO - Started process (PID=306) to work on /opt/airflow/dags/historical_data_etl.py
[2024-11-25T23:53:35.739+0000] {processor.py:830} INFO - Processing file /opt/airflow/dags/historical_data_etl.py for tasks to queue
[2024-11-25T23:53:35.741+0000] {logging_mixin.py:188} INFO - [2024-11-25T23:53:35.740+0000] {dagbag.py:545} INFO - Filling up the DagBag from /opt/airflow/dags/historical_data_etl.py
[2024-11-25T23:53:35.762+0000] {logging_mixin.py:188} INFO - [2024-11-25T23:53:35.762+0000] {base.py:84} INFO - Using connection ID 'snowflake_conn_nba' for task execution.
[2024-11-25T23:53:35.763+0000] {logging_mixin.py:188} INFO - [2024-11-25T23:53:35.763+0000] {connection.py:399} INFO - Snowflake Connector for Python Version: 3.10.0, Python Version: 3.12.3, Platform: Linux-5.15.153.1-microsoft-standard-WSL2-x86_64-with-glibc2.36
[2024-11-25T23:53:35.764+0000] {logging_mixin.py:188} INFO - [2024-11-25T23:53:35.764+0000] {connection.py:1239} INFO - This connection is in OCSP Fail Open Mode. TLS Certificates would be checked for validity and revocation status. Any other Certificate Revocation related exceptions or OCSP Responder failures would be disregarded in favor of connectivity.
[2024-11-25T23:53:36.355+0000] {processor.py:840} INFO - DAG(s) 'nba_games_etl' retrieved from /opt/airflow/dags/historical_data_etl.py
[2024-11-25T23:53:36.418+0000] {logging_mixin.py:188} INFO - [2024-11-25T23:53:36.418+0000] {dag.py:3096} INFO - Sync 1 DAGs
[2024-11-25T23:53:36.426+0000] {logging_mixin.py:188} INFO - [2024-11-25T23:53:36.426+0000] {dag.py:3954} INFO - Setting next_dagrun for nba_games_etl to None, run_after=None
[2024-11-25T23:53:36.440+0000] {processor.py:183} INFO - Processing /opt/airflow/dags/historical_data_etl.py took 0.707 seconds
[2024-11-25T23:54:06.898+0000] {processor.py:161} INFO - Started process (PID=324) to work on /opt/airflow/dags/historical_data_etl.py
[2024-11-25T23:54:06.898+0000] {processor.py:830} INFO - Processing file /opt/airflow/dags/historical_data_etl.py for tasks to queue
[2024-11-25T23:54:06.900+0000] {logging_mixin.py:188} INFO - [2024-11-25T23:54:06.900+0000] {dagbag.py:545} INFO - Filling up the DagBag from /opt/airflow/dags/historical_data_etl.py
[2024-11-25T23:54:06.920+0000] {logging_mixin.py:188} INFO - [2024-11-25T23:54:06.919+0000] {base.py:84} INFO - Using connection ID 'snowflake_conn_nba' for task execution.
[2024-11-25T23:54:06.921+0000] {logging_mixin.py:188} INFO - [2024-11-25T23:54:06.920+0000] {connection.py:399} INFO - Snowflake Connector for Python Version: 3.10.0, Python Version: 3.12.3, Platform: Linux-5.15.153.1-microsoft-standard-WSL2-x86_64-with-glibc2.36
[2024-11-25T23:54:06.921+0000] {logging_mixin.py:188} INFO - [2024-11-25T23:54:06.921+0000] {connection.py:1239} INFO - This connection is in OCSP Fail Open Mode. TLS Certificates would be checked for validity and revocation status. Any other Certificate Revocation related exceptions or OCSP Responder failures would be disregarded in favor of connectivity.
[2024-11-25T23:54:07.315+0000] {processor.py:840} INFO - DAG(s) 'nba_games_etl' retrieved from /opt/airflow/dags/historical_data_etl.py
[2024-11-25T23:54:07.379+0000] {logging_mixin.py:188} INFO - [2024-11-25T23:54:07.379+0000] {dag.py:3096} INFO - Sync 1 DAGs
[2024-11-25T23:54:07.387+0000] {logging_mixin.py:188} INFO - [2024-11-25T23:54:07.386+0000] {dag.py:3954} INFO - Setting next_dagrun for nba_games_etl to None, run_after=None
[2024-11-25T23:54:07.402+0000] {processor.py:183} INFO - Processing /opt/airflow/dags/historical_data_etl.py took 0.508 seconds
[2024-11-25T23:54:38.006+0000] {processor.py:161} INFO - Started process (PID=340) to work on /opt/airflow/dags/historical_data_etl.py
[2024-11-25T23:54:38.007+0000] {processor.py:830} INFO - Processing file /opt/airflow/dags/historical_data_etl.py for tasks to queue
[2024-11-25T23:54:38.010+0000] {logging_mixin.py:188} INFO - [2024-11-25T23:54:38.010+0000] {dagbag.py:545} INFO - Filling up the DagBag from /opt/airflow/dags/historical_data_etl.py
[2024-11-25T23:54:38.044+0000] {logging_mixin.py:188} INFO - [2024-11-25T23:54:38.044+0000] {base.py:84} INFO - Using connection ID 'snowflake_conn_nba' for task execution.
[2024-11-25T23:54:38.045+0000] {logging_mixin.py:188} INFO - [2024-11-25T23:54:38.045+0000] {connection.py:399} INFO - Snowflake Connector for Python Version: 3.10.0, Python Version: 3.12.3, Platform: Linux-5.15.153.1-microsoft-standard-WSL2-x86_64-with-glibc2.36
[2024-11-25T23:54:38.046+0000] {logging_mixin.py:188} INFO - [2024-11-25T23:54:38.046+0000] {connection.py:1239} INFO - This connection is in OCSP Fail Open Mode. TLS Certificates would be checked for validity and revocation status. Any other Certificate Revocation related exceptions or OCSP Responder failures would be disregarded in favor of connectivity.
[2024-11-25T23:54:38.440+0000] {processor.py:840} INFO - DAG(s) 'nba_games_etl' retrieved from /opt/airflow/dags/historical_data_etl.py
[2024-11-25T23:54:38.514+0000] {logging_mixin.py:188} INFO - [2024-11-25T23:54:38.514+0000] {dag.py:3096} INFO - Sync 1 DAGs
[2024-11-25T23:54:38.522+0000] {logging_mixin.py:188} INFO - [2024-11-25T23:54:38.521+0000] {dag.py:3954} INFO - Setting next_dagrun for nba_games_etl to None, run_after=None
[2024-11-25T23:54:38.536+0000] {processor.py:183} INFO - Processing /opt/airflow/dags/historical_data_etl.py took 0.539 seconds
[2024-11-25T23:55:10.650+0000] {processor.py:161} INFO - Started process (PID=209) to work on /opt/airflow/dags/historical_data_etl.py
[2024-11-25T23:55:10.650+0000] {processor.py:830} INFO - Processing file /opt/airflow/dags/historical_data_etl.py for tasks to queue
[2024-11-25T23:55:10.652+0000] {logging_mixin.py:188} INFO - [2024-11-25T23:55:10.652+0000] {dagbag.py:545} INFO - Filling up the DagBag from /opt/airflow/dags/historical_data_etl.py
[2024-11-25T23:55:10.673+0000] {logging_mixin.py:188} INFO - [2024-11-25T23:55:10.673+0000] {base.py:84} INFO - Using connection ID 'snowflake_conn_nba' for task execution.
[2024-11-25T23:55:10.674+0000] {logging_mixin.py:188} INFO - [2024-11-25T23:55:10.674+0000] {connection.py:399} INFO - Snowflake Connector for Python Version: 3.10.0, Python Version: 3.12.3, Platform: Linux-5.15.153.1-microsoft-standard-WSL2-x86_64-with-glibc2.36
[2024-11-25T23:55:10.675+0000] {logging_mixin.py:188} INFO - [2024-11-25T23:55:10.674+0000] {connection.py:1239} INFO - This connection is in OCSP Fail Open Mode. TLS Certificates would be checked for validity and revocation status. Any other Certificate Revocation related exceptions or OCSP Responder failures would be disregarded in favor of connectivity.
[2024-11-25T23:55:11.141+0000] {processor.py:840} INFO - DAG(s) 'nba_games_etl' retrieved from /opt/airflow/dags/historical_data_etl.py
[2024-11-25T23:55:11.220+0000] {logging_mixin.py:188} INFO - [2024-11-25T23:55:11.219+0000] {dag.py:3096} INFO - Sync 1 DAGs
[2024-11-25T23:55:11.227+0000] {logging_mixin.py:188} INFO - [2024-11-25T23:55:11.227+0000] {dag.py:3954} INFO - Setting next_dagrun for nba_games_etl to None, run_after=None
[2024-11-25T23:55:11.244+0000] {processor.py:183} INFO - Processing /opt/airflow/dags/historical_data_etl.py took 0.599 seconds
[2024-11-25T23:55:42.132+0000] {processor.py:161} INFO - Started process (PID=282) to work on /opt/airflow/dags/historical_data_etl.py
[2024-11-25T23:55:42.132+0000] {processor.py:830} INFO - Processing file /opt/airflow/dags/historical_data_etl.py for tasks to queue
[2024-11-25T23:55:42.134+0000] {logging_mixin.py:188} INFO - [2024-11-25T23:55:42.134+0000] {dagbag.py:545} INFO - Filling up the DagBag from /opt/airflow/dags/historical_data_etl.py
[2024-11-25T23:55:42.156+0000] {logging_mixin.py:188} INFO - [2024-11-25T23:55:42.156+0000] {base.py:84} INFO - Using connection ID 'snowflake_conn_nba' for task execution.
[2024-11-25T23:55:42.157+0000] {logging_mixin.py:188} INFO - [2024-11-25T23:55:42.157+0000] {connection.py:399} INFO - Snowflake Connector for Python Version: 3.10.0, Python Version: 3.12.3, Platform: Linux-5.15.153.1-microsoft-standard-WSL2-x86_64-with-glibc2.36
[2024-11-25T23:55:42.158+0000] {logging_mixin.py:188} INFO - [2024-11-25T23:55:42.158+0000] {connection.py:1239} INFO - This connection is in OCSP Fail Open Mode. TLS Certificates would be checked for validity and revocation status. Any other Certificate Revocation related exceptions or OCSP Responder failures would be disregarded in favor of connectivity.
[2024-11-25T23:55:42.595+0000] {processor.py:840} INFO - DAG(s) 'nba_games_etl' retrieved from /opt/airflow/dags/historical_data_etl.py
[2024-11-25T23:55:42.662+0000] {logging_mixin.py:188} INFO - [2024-11-25T23:55:42.661+0000] {dag.py:3096} INFO - Sync 1 DAGs
[2024-11-25T23:55:42.670+0000] {logging_mixin.py:188} INFO - [2024-11-25T23:55:42.670+0000] {dag.py:3954} INFO - Setting next_dagrun for nba_games_etl to None, run_after=None
[2024-11-25T23:55:42.685+0000] {processor.py:183} INFO - Processing /opt/airflow/dags/historical_data_etl.py took 0.557 seconds
[2024-11-25T23:56:13.595+0000] {processor.py:161} INFO - Started process (PID=298) to work on /opt/airflow/dags/historical_data_etl.py
[2024-11-25T23:56:13.596+0000] {processor.py:830} INFO - Processing file /opt/airflow/dags/historical_data_etl.py for tasks to queue
[2024-11-25T23:56:13.598+0000] {logging_mixin.py:188} INFO - [2024-11-25T23:56:13.598+0000] {dagbag.py:545} INFO - Filling up the DagBag from /opt/airflow/dags/historical_data_etl.py
[2024-11-25T23:56:13.625+0000] {logging_mixin.py:188} INFO - [2024-11-25T23:56:13.625+0000] {base.py:84} INFO - Using connection ID 'snowflake_conn_nba' for task execution.
[2024-11-25T23:56:13.626+0000] {logging_mixin.py:188} INFO - [2024-11-25T23:56:13.626+0000] {connection.py:399} INFO - Snowflake Connector for Python Version: 3.10.0, Python Version: 3.12.3, Platform: Linux-5.15.153.1-microsoft-standard-WSL2-x86_64-with-glibc2.36
[2024-11-25T23:56:13.627+0000] {logging_mixin.py:188} INFO - [2024-11-25T23:56:13.627+0000] {connection.py:1239} INFO - This connection is in OCSP Fail Open Mode. TLS Certificates would be checked for validity and revocation status. Any other Certificate Revocation related exceptions or OCSP Responder failures would be disregarded in favor of connectivity.
[2024-11-25T23:56:14.067+0000] {processor.py:840} INFO - DAG(s) 'nba_games_etl' retrieved from /opt/airflow/dags/historical_data_etl.py
[2024-11-25T23:56:14.134+0000] {logging_mixin.py:188} INFO - [2024-11-25T23:56:14.133+0000] {dag.py:3096} INFO - Sync 1 DAGs
[2024-11-25T23:56:14.142+0000] {logging_mixin.py:188} INFO - [2024-11-25T23:56:14.142+0000] {dag.py:3954} INFO - Setting next_dagrun for nba_games_etl to None, run_after=None
[2024-11-25T23:56:14.159+0000] {processor.py:183} INFO - Processing /opt/airflow/dags/historical_data_etl.py took 0.572 seconds
[2024-11-25T23:56:45.060+0000] {processor.py:161} INFO - Started process (PID=314) to work on /opt/airflow/dags/historical_data_etl.py
[2024-11-25T23:56:45.061+0000] {processor.py:830} INFO - Processing file /opt/airflow/dags/historical_data_etl.py for tasks to queue
[2024-11-25T23:56:45.062+0000] {logging_mixin.py:188} INFO - [2024-11-25T23:56:45.062+0000] {dagbag.py:545} INFO - Filling up the DagBag from /opt/airflow/dags/historical_data_etl.py
[2024-11-25T23:56:45.082+0000] {logging_mixin.py:188} INFO - [2024-11-25T23:56:45.082+0000] {base.py:84} INFO - Using connection ID 'snowflake_conn_nba' for task execution.
[2024-11-25T23:56:45.083+0000] {logging_mixin.py:188} INFO - [2024-11-25T23:56:45.083+0000] {connection.py:399} INFO - Snowflake Connector for Python Version: 3.10.0, Python Version: 3.12.3, Platform: Linux-5.15.153.1-microsoft-standard-WSL2-x86_64-with-glibc2.36
[2024-11-25T23:56:45.084+0000] {logging_mixin.py:188} INFO - [2024-11-25T23:56:45.084+0000] {connection.py:1239} INFO - This connection is in OCSP Fail Open Mode. TLS Certificates would be checked for validity and revocation status. Any other Certificate Revocation related exceptions or OCSP Responder failures would be disregarded in favor of connectivity.
[2024-11-25T23:56:45.561+0000] {processor.py:840} INFO - DAG(s) 'nba_games_etl' retrieved from /opt/airflow/dags/historical_data_etl.py
[2024-11-25T23:56:45.625+0000] {logging_mixin.py:188} INFO - [2024-11-25T23:56:45.625+0000] {dag.py:3096} INFO - Sync 1 DAGs
[2024-11-25T23:56:45.633+0000] {logging_mixin.py:188} INFO - [2024-11-25T23:56:45.633+0000] {dag.py:3954} INFO - Setting next_dagrun for nba_games_etl to None, run_after=None
[2024-11-25T23:56:45.649+0000] {processor.py:183} INFO - Processing /opt/airflow/dags/historical_data_etl.py took 0.592 seconds
[2024-11-25T23:57:16.542+0000] {processor.py:161} INFO - Started process (PID=330) to work on /opt/airflow/dags/historical_data_etl.py
[2024-11-25T23:57:16.542+0000] {processor.py:830} INFO - Processing file /opt/airflow/dags/historical_data_etl.py for tasks to queue
[2024-11-25T23:57:16.544+0000] {logging_mixin.py:188} INFO - [2024-11-25T23:57:16.544+0000] {dagbag.py:545} INFO - Filling up the DagBag from /opt/airflow/dags/historical_data_etl.py
[2024-11-25T23:57:16.564+0000] {logging_mixin.py:188} INFO - [2024-11-25T23:57:16.564+0000] {base.py:84} INFO - Using connection ID 'snowflake_conn_nba' for task execution.
[2024-11-25T23:57:16.566+0000] {logging_mixin.py:188} INFO - [2024-11-25T23:57:16.565+0000] {connection.py:399} INFO - Snowflake Connector for Python Version: 3.10.0, Python Version: 3.12.3, Platform: Linux-5.15.153.1-microsoft-standard-WSL2-x86_64-with-glibc2.36
[2024-11-25T23:57:16.567+0000] {logging_mixin.py:188} INFO - [2024-11-25T23:57:16.566+0000] {connection.py:1239} INFO - This connection is in OCSP Fail Open Mode. TLS Certificates would be checked for validity and revocation status. Any other Certificate Revocation related exceptions or OCSP Responder failures would be disregarded in favor of connectivity.
[2024-11-25T23:57:17.032+0000] {processor.py:840} INFO - DAG(s) 'nba_games_etl' retrieved from /opt/airflow/dags/historical_data_etl.py
[2024-11-25T23:57:17.110+0000] {logging_mixin.py:188} INFO - [2024-11-25T23:57:17.110+0000] {dag.py:3096} INFO - Sync 1 DAGs
[2024-11-25T23:57:17.119+0000] {logging_mixin.py:188} INFO - [2024-11-25T23:57:17.119+0000] {dag.py:3954} INFO - Setting next_dagrun for nba_games_etl to None, run_after=None
[2024-11-25T23:57:17.134+0000] {processor.py:183} INFO - Processing /opt/airflow/dags/historical_data_etl.py took 0.597 seconds
[2024-11-25T23:57:48.024+0000] {processor.py:161} INFO - Started process (PID=346) to work on /opt/airflow/dags/historical_data_etl.py
[2024-11-25T23:57:48.025+0000] {processor.py:830} INFO - Processing file /opt/airflow/dags/historical_data_etl.py for tasks to queue
[2024-11-25T23:57:48.026+0000] {logging_mixin.py:188} INFO - [2024-11-25T23:57:48.026+0000] {dagbag.py:545} INFO - Filling up the DagBag from /opt/airflow/dags/historical_data_etl.py
[2024-11-25T23:57:48.048+0000] {logging_mixin.py:188} INFO - [2024-11-25T23:57:48.048+0000] {base.py:84} INFO - Using connection ID 'snowflake_conn_nba' for task execution.
[2024-11-25T23:57:48.050+0000] {logging_mixin.py:188} INFO - [2024-11-25T23:57:48.049+0000] {connection.py:399} INFO - Snowflake Connector for Python Version: 3.10.0, Python Version: 3.12.3, Platform: Linux-5.15.153.1-microsoft-standard-WSL2-x86_64-with-glibc2.36
[2024-11-25T23:57:48.051+0000] {logging_mixin.py:188} INFO - [2024-11-25T23:57:48.050+0000] {connection.py:1239} INFO - This connection is in OCSP Fail Open Mode. TLS Certificates would be checked for validity and revocation status. Any other Certificate Revocation related exceptions or OCSP Responder failures would be disregarded in favor of connectivity.
[2024-11-25T23:57:48.593+0000] {processor.py:840} INFO - DAG(s) 'nba_games_etl' retrieved from /opt/airflow/dags/historical_data_etl.py
[2024-11-25T23:57:48.655+0000] {logging_mixin.py:188} INFO - [2024-11-25T23:57:48.655+0000] {dag.py:3096} INFO - Sync 1 DAGs
[2024-11-25T23:57:48.663+0000] {logging_mixin.py:188} INFO - [2024-11-25T23:57:48.663+0000] {dag.py:3954} INFO - Setting next_dagrun for nba_games_etl to None, run_after=None
[2024-11-25T23:57:48.677+0000] {processor.py:183} INFO - Processing /opt/airflow/dags/historical_data_etl.py took 0.657 seconds
[2024-11-25T23:58:19.565+0000] {processor.py:161} INFO - Started process (PID=362) to work on /opt/airflow/dags/historical_data_etl.py
[2024-11-25T23:58:19.565+0000] {processor.py:830} INFO - Processing file /opt/airflow/dags/historical_data_etl.py for tasks to queue
[2024-11-25T23:58:19.567+0000] {logging_mixin.py:188} INFO - [2024-11-25T23:58:19.566+0000] {dagbag.py:545} INFO - Filling up the DagBag from /opt/airflow/dags/historical_data_etl.py
[2024-11-25T23:58:19.586+0000] {logging_mixin.py:188} INFO - [2024-11-25T23:58:19.586+0000] {base.py:84} INFO - Using connection ID 'snowflake_conn_nba' for task execution.
[2024-11-25T23:58:19.587+0000] {logging_mixin.py:188} INFO - [2024-11-25T23:58:19.587+0000] {connection.py:399} INFO - Snowflake Connector for Python Version: 3.10.0, Python Version: 3.12.3, Platform: Linux-5.15.153.1-microsoft-standard-WSL2-x86_64-with-glibc2.36
[2024-11-25T23:58:19.588+0000] {logging_mixin.py:188} INFO - [2024-11-25T23:58:19.588+0000] {connection.py:1239} INFO - This connection is in OCSP Fail Open Mode. TLS Certificates would be checked for validity and revocation status. Any other Certificate Revocation related exceptions or OCSP Responder failures would be disregarded in favor of connectivity.
[2024-11-25T23:58:20.047+0000] {processor.py:840} INFO - DAG(s) 'nba_games_etl' retrieved from /opt/airflow/dags/historical_data_etl.py
[2024-11-25T23:58:20.109+0000] {logging_mixin.py:188} INFO - [2024-11-25T23:58:20.108+0000] {dag.py:3096} INFO - Sync 1 DAGs
[2024-11-25T23:58:20.116+0000] {logging_mixin.py:188} INFO - [2024-11-25T23:58:20.116+0000] {dag.py:3954} INFO - Setting next_dagrun for nba_games_etl to None, run_after=None
[2024-11-25T23:58:20.129+0000] {processor.py:183} INFO - Processing /opt/airflow/dags/historical_data_etl.py took 0.568 seconds
[2024-11-25T23:58:50.432+0000] {processor.py:161} INFO - Started process (PID=378) to work on /opt/airflow/dags/historical_data_etl.py
[2024-11-25T23:58:50.433+0000] {processor.py:830} INFO - Processing file /opt/airflow/dags/historical_data_etl.py for tasks to queue
[2024-11-25T23:58:50.434+0000] {logging_mixin.py:188} INFO - [2024-11-25T23:58:50.434+0000] {dagbag.py:545} INFO - Filling up the DagBag from /opt/airflow/dags/historical_data_etl.py
[2024-11-25T23:58:50.453+0000] {logging_mixin.py:188} INFO - [2024-11-25T23:58:50.453+0000] {base.py:84} INFO - Using connection ID 'snowflake_conn_nba' for task execution.
[2024-11-25T23:58:50.454+0000] {logging_mixin.py:188} INFO - [2024-11-25T23:58:50.454+0000] {connection.py:399} INFO - Snowflake Connector for Python Version: 3.10.0, Python Version: 3.12.3, Platform: Linux-5.15.153.1-microsoft-standard-WSL2-x86_64-with-glibc2.36
[2024-11-25T23:58:50.455+0000] {logging_mixin.py:188} INFO - [2024-11-25T23:58:50.455+0000] {connection.py:1239} INFO - This connection is in OCSP Fail Open Mode. TLS Certificates would be checked for validity and revocation status. Any other Certificate Revocation related exceptions or OCSP Responder failures would be disregarded in favor of connectivity.
[2024-11-25T23:58:51.076+0000] {processor.py:840} INFO - DAG(s) 'nba_games_etl' retrieved from /opt/airflow/dags/historical_data_etl.py
[2024-11-25T23:58:51.141+0000] {logging_mixin.py:188} INFO - [2024-11-25T23:58:51.140+0000] {dag.py:3096} INFO - Sync 1 DAGs
[2024-11-25T23:58:51.149+0000] {logging_mixin.py:188} INFO - [2024-11-25T23:58:51.148+0000] {dag.py:3954} INFO - Setting next_dagrun for nba_games_etl to None, run_after=None
[2024-11-25T23:58:51.162+0000] {processor.py:183} INFO - Processing /opt/airflow/dags/historical_data_etl.py took 0.734 seconds
[2024-11-25T23:59:22.039+0000] {processor.py:161} INFO - Started process (PID=394) to work on /opt/airflow/dags/historical_data_etl.py
[2024-11-25T23:59:22.039+0000] {processor.py:830} INFO - Processing file /opt/airflow/dags/historical_data_etl.py for tasks to queue
[2024-11-25T23:59:22.041+0000] {logging_mixin.py:188} INFO - [2024-11-25T23:59:22.041+0000] {dagbag.py:545} INFO - Filling up the DagBag from /opt/airflow/dags/historical_data_etl.py
[2024-11-25T23:59:22.058+0000] {logging_mixin.py:188} INFO - [2024-11-25T23:59:22.058+0000] {base.py:84} INFO - Using connection ID 'snowflake_conn_nba' for task execution.
[2024-11-25T23:59:22.059+0000] {logging_mixin.py:188} INFO - [2024-11-25T23:59:22.059+0000] {connection.py:399} INFO - Snowflake Connector for Python Version: 3.10.0, Python Version: 3.12.3, Platform: Linux-5.15.153.1-microsoft-standard-WSL2-x86_64-with-glibc2.36
[2024-11-25T23:59:22.060+0000] {logging_mixin.py:188} INFO - [2024-11-25T23:59:22.060+0000] {connection.py:1239} INFO - This connection is in OCSP Fail Open Mode. TLS Certificates would be checked for validity and revocation status. Any other Certificate Revocation related exceptions or OCSP Responder failures would be disregarded in favor of connectivity.
[2024-11-25T23:59:22.522+0000] {processor.py:840} INFO - DAG(s) 'nba_games_etl' retrieved from /opt/airflow/dags/historical_data_etl.py
[2024-11-25T23:59:22.586+0000] {logging_mixin.py:188} INFO - [2024-11-25T23:59:22.586+0000] {dag.py:3096} INFO - Sync 1 DAGs
[2024-11-25T23:59:22.593+0000] {logging_mixin.py:188} INFO - [2024-11-25T23:59:22.593+0000] {dag.py:3954} INFO - Setting next_dagrun for nba_games_etl to None, run_after=None
[2024-11-25T23:59:22.607+0000] {processor.py:183} INFO - Processing /opt/airflow/dags/historical_data_etl.py took 0.573 seconds
[2024-11-25T23:59:53.477+0000] {processor.py:161} INFO - Started process (PID=410) to work on /opt/airflow/dags/historical_data_etl.py
[2024-11-25T23:59:53.477+0000] {processor.py:830} INFO - Processing file /opt/airflow/dags/historical_data_etl.py for tasks to queue
[2024-11-25T23:59:53.479+0000] {logging_mixin.py:188} INFO - [2024-11-25T23:59:53.478+0000] {dagbag.py:545} INFO - Filling up the DagBag from /opt/airflow/dags/historical_data_etl.py
[2024-11-25T23:59:53.496+0000] {logging_mixin.py:188} INFO - [2024-11-25T23:59:53.496+0000] {base.py:84} INFO - Using connection ID 'snowflake_conn_nba' for task execution.
[2024-11-25T23:59:53.497+0000] {logging_mixin.py:188} INFO - [2024-11-25T23:59:53.497+0000] {connection.py:399} INFO - Snowflake Connector for Python Version: 3.10.0, Python Version: 3.12.3, Platform: Linux-5.15.153.1-microsoft-standard-WSL2-x86_64-with-glibc2.36
[2024-11-25T23:59:53.498+0000] {logging_mixin.py:188} INFO - [2024-11-25T23:59:53.497+0000] {connection.py:1239} INFO - This connection is in OCSP Fail Open Mode. TLS Certificates would be checked for validity and revocation status. Any other Certificate Revocation related exceptions or OCSP Responder failures would be disregarded in favor of connectivity.
[2024-11-25T23:59:53.980+0000] {processor.py:840} INFO - DAG(s) 'nba_games_etl' retrieved from /opt/airflow/dags/historical_data_etl.py
[2024-11-25T23:59:54.042+0000] {logging_mixin.py:188} INFO - [2024-11-25T23:59:54.041+0000] {dag.py:3096} INFO - Sync 1 DAGs
[2024-11-25T23:59:54.049+0000] {logging_mixin.py:188} INFO - [2024-11-25T23:59:54.049+0000] {dag.py:3954} INFO - Setting next_dagrun for nba_games_etl to None, run_after=None
[2024-11-25T23:59:54.065+0000] {processor.py:183} INFO - Processing /opt/airflow/dags/historical_data_etl.py took 0.592 seconds
