[2024-12-02T06:54:27.535+0000] {local_task_job_runner.py:120} INFO - ::group::Pre task execution logs
[2024-12-02T06:54:27.562+0000] {taskinstance.py:2076} INFO - Dependencies all met for dep_context=non-requeueable deps ti=<TaskInstance: nba_data_elt.dbt_run manual__2024-12-02T06:54:26.299897+00:00 [queued]>
[2024-12-02T06:54:27.569+0000] {taskinstance.py:2076} INFO - Dependencies all met for dep_context=requeueable deps ti=<TaskInstance: nba_data_elt.dbt_run manual__2024-12-02T06:54:26.299897+00:00 [queued]>
[2024-12-02T06:54:27.570+0000] {taskinstance.py:2306} INFO - Starting attempt 1 of 1
[2024-12-02T06:54:27.581+0000] {taskinstance.py:2330} INFO - Executing <Task(BashOperator): dbt_run> on 2024-12-02 06:54:26.299897+00:00
[2024-12-02T06:54:27.586+0000] {standard_task_runner.py:90} INFO - Running: ['***', 'tasks', 'run', 'nba_data_elt', 'dbt_run', 'manual__2024-12-02T06:54:26.299897+00:00', '--job-id', '81', '--raw', '--subdir', 'DAGS_FOLDER/data_elt.py', '--cfg-path', '/tmp/tmp9hsgmr6b']
[2024-12-02T06:54:27.589+0000] {standard_task_runner.py:91} INFO - Job 81: Subtask dbt_run
[2024-12-02T06:54:27.589+0000] {logging_mixin.py:188} WARNING - /home/***/.local/lib/python3.12/site-packages/***/task/task_runner/standard_task_runner.py:61 DeprecationWarning: This process (pid=261) is multi-threaded, use of fork() may lead to deadlocks in the child.
[2024-12-02T06:54:27.590+0000] {standard_task_runner.py:63} INFO - Started process 262 to run task
[2024-12-02T06:54:27.624+0000] {task_command.py:426} INFO - Running <TaskInstance: nba_data_elt.dbt_run manual__2024-12-02T06:54:26.299897+00:00 [running]> on host 065cc2990949
[2024-12-02T06:54:27.701+0000] {taskinstance.py:2648} INFO - Exporting env vars: AIRFLOW_CTX_DAG_OWNER='***' AIRFLOW_CTX_DAG_ID='nba_data_elt' AIRFLOW_CTX_TASK_ID='dbt_run' AIRFLOW_CTX_EXECUTION_DATE='2024-12-02T06:54:26.299897+00:00' AIRFLOW_CTX_TRY_NUMBER='1' AIRFLOW_CTX_DAG_RUN_ID='manual__2024-12-02T06:54:26.299897+00:00'
[2024-12-02T06:54:27.701+0000] {taskinstance.py:430} INFO - ::endgroup::
[2024-12-02T06:54:27.713+0000] {subprocess.py:63} INFO - Tmp dir root location: /tmp
[2024-12-02T06:54:27.714+0000] {subprocess.py:75} INFO - Running command: ['/usr/bin/bash', '-c', '/home/***/.local/bin/dbt run --profiles-dir /opt/***/dbt --project-dir /opt/***/dbt']
[2024-12-02T06:54:27.721+0000] {subprocess.py:86} INFO - Output:
[2024-12-02T06:54:29.743+0000] {subprocess.py:93} INFO - [0m06:54:29  Running with dbt=1.8.7
[2024-12-02T06:54:30.644+0000] {subprocess.py:93} INFO - [0m06:54:30  Registered adapter: snowflake=1.8.4
[2024-12-02T06:54:31.750+0000] {subprocess.py:93} INFO - [0m06:54:31  Found 4 models, 11 data tests, 1 source, 575 macros
[2024-12-02T06:54:31.754+0000] {subprocess.py:93} INFO - [0m06:54:31
[2024-12-02T06:54:33.061+0000] {subprocess.py:93} INFO - [0m06:54:33  Concurrency: 1 threads (target='dev')
[2024-12-02T06:54:33.062+0000] {subprocess.py:93} INFO - [0m06:54:33
[2024-12-02T06:54:33.071+0000] {subprocess.py:93} INFO - [0m06:54:33  1 of 4 START sql view model analytics.team_results ............................. [RUN]
[2024-12-02T06:54:33.962+0000] {subprocess.py:93} INFO - [0m06:54:33  1 of 4 OK created sql view model analytics.team_results ........................ [[32mSUCCESS 1[0m in 0.89s]
[2024-12-02T06:54:33.966+0000] {subprocess.py:93} INFO - [0m06:54:33  2 of 4 START sql table model analytics.close_game_season_stats ................. [RUN]
[2024-12-02T06:54:35.373+0000] {subprocess.py:93} INFO - [0m06:54:35  2 of 4 OK created sql table model analytics.close_game_season_stats ............ [[32mSUCCESS 1[0m in 1.40s]
[2024-12-02T06:54:35.376+0000] {subprocess.py:93} INFO - [0m06:54:35  3 of 4 START sql table model analytics.team_season_biggest_win_loss ............ [RUN]
[2024-12-02T06:54:37.208+0000] {subprocess.py:93} INFO - [0m06:54:37  3 of 4 OK created sql table model analytics.team_season_biggest_win_loss ....... [[32mSUCCESS 1[0m in 1.83s]
[2024-12-02T06:54:37.212+0000] {subprocess.py:93} INFO - [0m06:54:37  4 of 4 START sql table model analytics.team_season_stats ....................... [RUN]
[2024-12-02T06:54:38.635+0000] {subprocess.py:93} INFO - [0m06:54:38  4 of 4 OK created sql table model analytics.team_season_stats .................. [[32mSUCCESS 1[0m in 1.42s]
[2024-12-02T06:54:38.640+0000] {subprocess.py:93} INFO - [0m06:54:38
[2024-12-02T06:54:38.641+0000] {subprocess.py:93} INFO - [0m06:54:38  Finished running 1 view model, 3 table models in 0 hours 0 minutes and 6.88 seconds (6.88s).
[2024-12-02T06:54:38.691+0000] {subprocess.py:93} INFO - [0m06:54:38
[2024-12-02T06:54:38.692+0000] {subprocess.py:93} INFO - [0m06:54:38  [32mCompleted successfully[0m
[2024-12-02T06:54:38.692+0000] {subprocess.py:93} INFO - [0m06:54:38
[2024-12-02T06:54:38.693+0000] {subprocess.py:93} INFO - [0m06:54:38  Done. PASS=4 WARN=0 ERROR=0 SKIP=0 TOTAL=4
[2024-12-02T06:54:39.668+0000] {subprocess.py:97} INFO - Command exited with return code 0
[2024-12-02T06:54:39.669+0000] {taskinstance.py:441} INFO - ::group::Post task execution logs
[2024-12-02T06:54:39.688+0000] {taskinstance.py:1206} INFO - Marking task as SUCCESS. dag_id=nba_data_elt, task_id=dbt_run, run_id=manual__2024-12-02T06:54:26.299897+00:00, execution_date=20241202T065426, start_date=20241202T065427, end_date=20241202T065439
[2024-12-02T06:54:39.701+0000] {local_task_job_runner.py:240} INFO - Task exited with return code 0
[2024-12-02T06:54:39.719+0000] {taskinstance.py:3498} INFO - 1 downstream tasks scheduled from follow-on schedule check
[2024-12-02T06:54:39.721+0000] {local_task_job_runner.py:222} INFO - ::endgroup::
