[2024-12-02T06:32:34.086+0000] {local_task_job_runner.py:120} INFO - ::group::Pre task execution logs
[2024-12-02T06:32:34.120+0000] {taskinstance.py:2076} INFO - Dependencies all met for dep_context=non-requeueable deps ti=<TaskInstance: nba_data_elt.dbt_run manual__2024-12-02T06:32:33.505492+00:00 [queued]>
[2024-12-02T06:32:34.125+0000] {taskinstance.py:2076} INFO - Dependencies all met for dep_context=requeueable deps ti=<TaskInstance: nba_data_elt.dbt_run manual__2024-12-02T06:32:33.505492+00:00 [queued]>
[2024-12-02T06:32:34.126+0000] {taskinstance.py:2306} INFO - Starting attempt 1 of 1
[2024-12-02T06:32:34.137+0000] {taskinstance.py:2330} INFO - Executing <Task(BashOperator): dbt_run> on 2024-12-02 06:32:33.505492+00:00
[2024-12-02T06:32:34.143+0000] {standard_task_runner.py:90} INFO - Running: ['***', 'tasks', 'run', 'nba_data_elt', 'dbt_run', 'manual__2024-12-02T06:32:33.505492+00:00', '--job-id', '76', '--raw', '--subdir', 'DAGS_FOLDER/data_elt.py', '--cfg-path', '/tmp/tmphyy908re']
[2024-12-02T06:32:34.145+0000] {standard_task_runner.py:91} INFO - Job 76: Subtask dbt_run
[2024-12-02T06:32:34.145+0000] {logging_mixin.py:188} WARNING - /home/***/.local/lib/python3.12/site-packages/***/task/task_runner/standard_task_runner.py:61 DeprecationWarning: This process (pid=1430) is multi-threaded, use of fork() may lead to deadlocks in the child.
[2024-12-02T06:32:34.146+0000] {standard_task_runner.py:63} INFO - Started process 1431 to run task
[2024-12-02T06:32:34.177+0000] {task_command.py:426} INFO - Running <TaskInstance: nba_data_elt.dbt_run manual__2024-12-02T06:32:33.505492+00:00 [running]> on host 065cc2990949
[2024-12-02T06:32:34.244+0000] {taskinstance.py:2648} INFO - Exporting env vars: AIRFLOW_CTX_DAG_OWNER='***' AIRFLOW_CTX_DAG_ID='nba_data_elt' AIRFLOW_CTX_TASK_ID='dbt_run' AIRFLOW_CTX_EXECUTION_DATE='2024-12-02T06:32:33.505492+00:00' AIRFLOW_CTX_TRY_NUMBER='1' AIRFLOW_CTX_DAG_RUN_ID='manual__2024-12-02T06:32:33.505492+00:00'
[2024-12-02T06:32:34.244+0000] {taskinstance.py:430} INFO - ::endgroup::
[2024-12-02T06:32:34.261+0000] {subprocess.py:63} INFO - Tmp dir root location: /tmp
[2024-12-02T06:32:34.262+0000] {subprocess.py:75} INFO - Running command: ['/usr/bin/bash', '-c', '/home/***/.local/bin/dbt run --profiles-dir /opt/***/dbt --project-dir /opt/***/dbt']
[2024-12-02T06:32:34.270+0000] {subprocess.py:86} INFO - Output:
[2024-12-02T06:32:36.364+0000] {subprocess.py:93} INFO - [0m06:32:36  Running with dbt=1.8.7
[2024-12-02T06:32:37.621+0000] {subprocess.py:93} INFO - [0m06:32:37  Registered adapter: snowflake=1.8.4
[2024-12-02T06:32:38.477+0000] {subprocess.py:93} INFO - [0m06:32:38  [[33mWARNING[0m]: Deprecated functionality
[2024-12-02T06:32:38.478+0000] {subprocess.py:93} INFO - The `tests` config has been renamed to `data_tests`. Please see
[2024-12-02T06:32:38.478+0000] {subprocess.py:93} INFO - https://docs.getdbt.com/docs/build/data-tests#new-data_tests-syntax for more
[2024-12-02T06:32:38.479+0000] {subprocess.py:93} INFO - information.
[2024-12-02T06:32:35.815+0000] {subprocess.py:93} INFO - [0m06:32:35  Found 4 models, 11 data tests, 1 source, 575 macros
[2024-12-02T06:32:35.818+0000] {subprocess.py:93} INFO - [0m06:32:35
[2024-12-02T06:32:43.777+0000] {subprocess.py:93} INFO - [0m06:32:43  Concurrency: 1 threads (target='dev')
[2024-12-02T06:32:43.778+0000] {subprocess.py:93} INFO - [0m06:32:43
[2024-12-02T06:32:43.787+0000] {subprocess.py:93} INFO - [0m06:32:43  1 of 4 START sql view model analytics.team_results ............................. [RUN]
[2024-12-02T06:32:44.635+0000] {subprocess.py:93} INFO - [0m06:32:44  1 of 4 OK created sql view model analytics.team_results ........................ [[32mSUCCESS 1[0m in 0.84s]
[2024-12-02T06:32:44.639+0000] {subprocess.py:93} INFO - [0m06:32:44  2 of 4 START sql table model analytics.close_game_season_stats ................. [RUN]
[2024-12-02T06:32:46.012+0000] {subprocess.py:93} INFO - [0m06:32:46  2 of 4 OK created sql table model analytics.close_game_season_stats ............ [[32mSUCCESS 1[0m in 1.37s]
[2024-12-02T06:32:46.015+0000] {subprocess.py:93} INFO - [0m06:32:46  3 of 4 START sql table model analytics.team_season_biggest_win_loss ............ [RUN]
[2024-12-02T06:32:47.418+0000] {subprocess.py:93} INFO - [0m06:32:47  3 of 4 OK created sql table model analytics.team_season_biggest_win_loss ....... [[32mSUCCESS 1[0m in 1.40s]
[2024-12-02T06:32:47.421+0000] {subprocess.py:93} INFO - [0m06:32:47  4 of 4 START sql table model analytics.team_season_stats ....................... [RUN]
[2024-12-02T06:32:48.658+0000] {subprocess.py:93} INFO - [0m06:32:48  4 of 4 OK created sql table model analytics.team_season_stats .................. [[32mSUCCESS 1[0m in 1.23s]
[2024-12-02T06:32:48.663+0000] {subprocess.py:93} INFO - [0m06:32:48
[2024-12-02T06:32:48.663+0000] {subprocess.py:93} INFO - [0m06:32:48  Finished running 1 view model, 3 table models in 0 hours 0 minutes and 12.84 seconds (12.84s).
[2024-12-02T06:32:48.785+0000] {subprocess.py:93} INFO - [0m06:32:48
[2024-12-02T06:32:48.786+0000] {subprocess.py:93} INFO - [0m06:32:48  [32mCompleted successfully[0m
[2024-12-02T06:32:48.787+0000] {subprocess.py:93} INFO - [0m06:32:48
[2024-12-02T06:32:48.788+0000] {subprocess.py:93} INFO - [0m06:32:48  Done. PASS=4 WARN=0 ERROR=0 SKIP=0 TOTAL=4
[2024-12-02T06:32:49.513+0000] {subprocess.py:97} INFO - Command exited with return code 0
[2024-12-02T06:32:49.514+0000] {taskinstance.py:441} INFO - ::group::Post task execution logs
[2024-12-02T06:32:49.534+0000] {taskinstance.py:1206} INFO - Marking task as SUCCESS. dag_id=nba_data_elt, task_id=dbt_run, run_id=manual__2024-12-02T06:32:33.505492+00:00, execution_date=20241202T063233, start_date=20241202T063234, end_date=20241202T063249
[2024-12-02T06:32:49.563+0000] {local_task_job_runner.py:240} INFO - Task exited with return code 0
[2024-12-02T06:32:49.581+0000] {taskinstance.py:3498} INFO - 1 downstream tasks scheduled from follow-on schedule check
[2024-12-02T06:32:49.583+0000] {local_task_job_runner.py:222} INFO - ::endgroup::
